Z80 Macro Assembler ZMA v1.0.17
=====================================================
Programmed by t.hara

  DEFS is DEFINE STRING (default).
  OUTPUT TYPE: BINARY

<< code >>
LINE# |OFFSET|ADDR|MNEMONIC
======+======+====+==================================
     7|      |    |ORG 0x100
------+------+----+----------------------------------
     9|      |    |BDOS := 0x0005
      |      |    |  Global integer symbol [BDOS] = 5 (0x5)
------+------+----+----------------------------------
    10|      |    |RDSLT := 0x000C
      |      |    |  Global integer symbol [RDSLT] = 12 (0xc)
------+------+----+----------------------------------
    13|      |    |_TERM0 := 0x00
      |      |    |  Global integer symbol [_TERM0] = 0 (0x0)
------+------+----+----------------------------------
    14|      |    |_CONIN := 0x01
      |      |    |  Global integer symbol [_CONIN] = 1 (0x1)
------+------+----+----------------------------------
    15|      |    |_CONOUT := 0x02
      |      |    |  Global integer symbol [_CONOUT] = 2 (0x2)
------+------+----+----------------------------------
    16|      |    |_AUXIN := 0x03
      |      |    |  Global integer symbol [_AUXIN] = 3 (0x3)
------+------+----+----------------------------------
    17|      |    |_AUXOUT := 0x04
      |      |    |  Global integer symbol [_AUXOUT] = 4 (0x4)
------+------+----+----------------------------------
    18|      |    |_LSTOUT := 0x05
      |      |    |  Global integer symbol [_LSTOUT] = 5 (0x5)
------+------+----+----------------------------------
    19|      |    |_DIRIO := 0x06
      |      |    |  Global integer symbol [_DIRIO] = 6 (0x6)
------+------+----+----------------------------------
    20|      |    |_DIRIN := 0x07
      |      |    |  Global integer symbol [_DIRIN] = 7 (0x7)
------+------+----+----------------------------------
    21|      |    |_INNOE := 0x08
      |      |    |  Global integer symbol [_INNOE] = 8 (0x8)
------+------+----+----------------------------------
    22|      |    |_STROUT := 0x09
      |      |    |  Global integer symbol [_STROUT] = 9 (0x9)
------+------+----+----------------------------------
    23|      |    |_BUFIN := 0x0A
      |      |    |  Global integer symbol [_BUFIN] = 10 (0xa)
------+------+----+----------------------------------
    24|      |    |_CONST := 0x0B
      |      |    |  Global integer symbol [_CONST] = 11 (0xb)
------+------+----+----------------------------------
    25|      |    |_CPMVER := 0x0C
      |      |    |  Global integer symbol [_CPMVER] = 12 (0xc)
------+------+----+----------------------------------
    26|      |    |_DSKRST := 0x0D
      |      |    |  Global integer symbol [_DSKRST] = 13 (0xd)
------+------+----+----------------------------------
    27|      |    |_SELDSK := 0x0E
      |      |    |  Global integer symbol [_SELDSK] = 14 (0xe)
------+------+----+----------------------------------
    28|      |    |_FOPEN := 0x0F
      |      |    |  Global integer symbol [_FOPEN] = 15 (0xf)
------+------+----+----------------------------------
    29|      |    |_FCLOSE := 0x10
      |      |    |  Global integer symbol [_FCLOSE] = 16 (0x10)
------+------+----+----------------------------------
    30|      |    |_SFIRST := 0x11
      |      |    |  Global integer symbol [_SFIRST] = 17 (0x11)
------+------+----+----------------------------------
    31|      |    |_SNEXT := 0x12
      |      |    |  Global integer symbol [_SNEXT] = 18 (0x12)
------+------+----+----------------------------------
    32|      |    |_FDEL := 0x13
      |      |    |  Global integer symbol [_FDEL] = 19 (0x13)
------+------+----+----------------------------------
    33|      |    |_RDSEQ := 0x14
      |      |    |  Global integer symbol [_RDSEQ] = 20 (0x14)
------+------+----+----------------------------------
    34|      |    |_WRSEQ := 0x15
      |      |    |  Global integer symbol [_WRSEQ] = 21 (0x15)
------+------+----+----------------------------------
    35|      |    |_FMAKE := 0x16
      |      |    |  Global integer symbol [_FMAKE] = 22 (0x16)
------+------+----+----------------------------------
    36|      |    |_FREN := 0x17
      |      |    |  Global integer symbol [_FREN] = 23 (0x17)
------+------+----+----------------------------------
    37|      |    |_LOGIN := 0x18
      |      |    |  Global integer symbol [_LOGIN] = 24 (0x18)
------+------+----+----------------------------------
    38|      |    |_CURDRV := 0x19
      |      |    |  Global integer symbol [_CURDRV] = 25 (0x19)
------+------+----+----------------------------------
    39|      |    |_SETDTA := 0x1A
      |      |    |  Global integer symbol [_SETDTA] = 26 (0x1a)
------+------+----+----------------------------------
    40|      |    |_ALLOC := 0x1B
      |      |    |  Global integer symbol [_ALLOC] = 27 (0x1b)
------+------+----+----------------------------------
    41|      |    |_RDRND := 0x21
      |      |    |  Global integer symbol [_RDRND] = 33 (0x21)
------+------+----+----------------------------------
    42|      |    |_WRRND := 0x22
      |      |    |  Global integer symbol [_WRRND] = 34 (0x22)
------+------+----+----------------------------------
    43|      |    |_FSIZE := 0x23
      |      |    |  Global integer symbol [_FSIZE] = 35 (0x23)
------+------+----+----------------------------------
    44|      |    |_SETRND := 0x24
      |      |    |  Global integer symbol [_SETRND] = 36 (0x24)
------+------+----+----------------------------------
    45|      |    |_WRBLK := 0x26
      |      |    |  Global integer symbol [_WRBLK] = 38 (0x26)
------+------+----+----------------------------------
    46|      |    |_RDBLK := 0x27
      |      |    |  Global integer symbol [_RDBLK] = 39 (0x27)
------+------+----+----------------------------------
    47|      |    |_WRSER := 0x28
      |      |    |  Global integer symbol [_WRSER] = 40 (0x28)
------+------+----+----------------------------------
    48|      |    |_GDATE := 0x2A
      |      |    |  Global integer symbol [_GDATE] = 42 (0x2a)
------+------+----+----------------------------------
    49|      |    |_SDATE := 0x2B
      |      |    |  Global integer symbol [_SDATE] = 43 (0x2b)
------+------+----+----------------------------------
    50|      |    |_GTIME := 0x2C
      |      |    |  Global integer symbol [_GTIME] = 44 (0x2c)
------+------+----+----------------------------------
    51|      |    |_STIME := 0x2D
      |      |    |  Global integer symbol [_STIME] = 45 (0x2d)
------+------+----+----------------------------------
    52|      |    |_VERIFY := 0x2E
      |      |    |  Global integer symbol [_VERIFY] = 46 (0x2e)
------+------+----+----------------------------------
    53|      |    |_RDABS := 0x2F
      |      |    |  Global integer symbol [_RDABS] = 47 (0x2f)
------+------+----+----------------------------------
    54|      |    |_WRABS := 0x30
      |      |    |  Global integer symbol [_WRABS] = 48 (0x30)
------+------+----+----------------------------------
    55|      |    |_DPARM := 0x31
      |      |    |  Global integer symbol [_DPARM] = 49 (0x31)
------+------+----+----------------------------------
    56|      |    |_FFIRST := 0x40
      |      |    |  Global integer symbol [_FFIRST] = 64 (0x40)
------+------+----+----------------------------------
    57|      |    |_FNEXT := 0x41
      |      |    |  Global integer symbol [_FNEXT] = 65 (0x41)
------+------+----+----------------------------------
    58|      |    |_FNEW := 0x42
      |      |    |  Global integer symbol [_FNEW] = 66 (0x42)
------+------+----+----------------------------------
    62|      |    |SCOPE MAIN
      |      |    |  Enter scope: MAIN:
------+------+----+----------------------------------
    63|      |    |MAIN ::
      |      |    |  global label [MAIN] address: 0x000100
------+------+----+----------------------------------
    64|      |    |LD DE, S_TITLE
      |      |    |  Z80:11cyc R800:3cyc
      |000000|0100|  11 3B 02
------+------+----+----------------------------------
    65|      |    |LD C, _STROUT
      |      |    |  Z80:8cyc R800:2cyc
      |000003|0103|  0E 09
------+------+----+----------------------------------
    66|      |    |CALL BDOS
      |      |    |  Z80:18cyc R800:5cyc
      |000005|0105|  CD 05 00
------+------+----+----------------------------------
    68|      |    |LD DE, S_MAIN_ROM
      |      |    |  Z80:11cyc R800:3cyc
      |000008|0108|  11 66 02
------+------+----+----------------------------------
    69|      |    |LD C, _STROUT
      |      |    |  Z80:8cyc R800:2cyc
      |00000B|010B|  0E 09
------+------+----+----------------------------------
    70|      |    |CALL BDOS
      |      |    |  Z80:18cyc R800:5cyc
      |00000D|010D|  CD 05 00
------+------+----+----------------------------------
    71|      |    |LD A, 0x80
      |      |    |  Z80:8cyc R800:2cyc
      |000010|0110|  3E 80
------+------+----+----------------------------------
    72|      |    |LD HL, 0x0000
      |      |    |  Z80:11cyc R800:3cyc
      |000012|0112|  21 00 00
------+------+----+----------------------------------
    73|      |    |LD DE, BUFFER
      |      |    |  Z80:11cyc R800:3cyc
      |000015|0115|  11 56 04
------+------+----+----------------------------------
    74|      |    |LD BC, 0x8000
      |      |    |  Z80:11cyc R800:3cyc
      |000018|0118|  01 00 80
------+------+----+----------------------------------
    75|      |    |CALL ROM_DUMP
      |      |    |  Z80:18cyc R800:5cyc
      |00001B|011B|  CD 35 03
------+------+----+----------------------------------
    77|      |    |LD HL, S_MAIN_ROM_FILE_NAME
      |      |    |  Z80:11cyc R800:3cyc
      |00001E|011E|  21 C6 02
------+------+----+----------------------------------
    78|      |    |LD DE, FCB
      |      |    |  Z80:11cyc R800:3cyc
      |000021|0121|  11 10 03
------+------+----+----------------------------------
    79|      |    |CALL SUB_FCREATE
      |      |    |  Z80:18cyc R800:5cyc
      |000024|0124|  CD 1E 04
------+------+----+----------------------------------
    80|      |    |OR A, A
      |      |    |  Z80:5cyc R800:1cyc
      |000027|0127|  B7
------+------+----+----------------------------------
    81|      |    |CALL NZ, PUT_ERROR
      |      |    |  Z80:18cyc/11cyc R800:5cyc/3cyc
      |000028|0128|  C4 29 02
------+------+----+----------------------------------
    82|      |    |LD HL, FCB
      |      |    |  Z80:11cyc R800:3cyc
      |00002B|012B|  21 10 03
------+------+----+----------------------------------
    83|      |    |LD DE, BUFFER
      |      |    |  Z80:11cyc R800:3cyc
      |00002E|012E|  11 56 04
------+------+----+----------------------------------
    84|      |    |LD BC, 0x8000
      |      |    |  Z80:11cyc R800:3cyc
      |000031|0131|  01 00 80
------+------+----+----------------------------------
    85|      |    |CALL SUB_FWRITE
      |      |    |  Z80:18cyc R800:5cyc
      |000034|0134|  CD 48 04
------+------+----+----------------------------------
    86|      |    |LD HL, FCB
      |      |    |  Z80:11cyc R800:3cyc
      |000037|0137|  21 10 03
------+------+----+----------------------------------
    87|      |    |CALL SUB_FCLOSE
      |      |    |  Z80:18cyc R800:5cyc
      |00003A|013A|  CD 42 04
------+------+----+----------------------------------
    88|      |    |CALL PUT_CRLF
      |      |    |  Z80:18cyc R800:5cyc
      |00003D|013D|  CD 32 02
------+------+----+----------------------------------
    90|      |    |LD DE, S_SUB_ROM
      |      |    |  Z80:11cyc R800:3cyc
      |000040|0140|  11 72 02
------+------+----+----------------------------------
    91|      |    |LD C, _STROUT
      |      |    |  Z80:8cyc R800:2cyc
      |000043|0143|  0E 09
------+------+----+----------------------------------
    92|      |    |CALL BDOS
      |      |    |  Z80:18cyc R800:5cyc
      |000045|0145|  CD 05 00
------+------+----+----------------------------------
    93|      |    |LD A, 0x8B
      |      |    |  Z80:8cyc R800:2cyc
      |000048|0148|  3E 8B
------+------+----+----------------------------------
    94|      |    |LD HL, 0x0000
      |      |    |  Z80:11cyc R800:3cyc
      |00004A|014A|  21 00 00
------+------+----+----------------------------------
    95|      |    |LD DE, BUFFER
      |      |    |  Z80:11cyc R800:3cyc
      |00004D|014D|  11 56 04
------+------+----+----------------------------------
    96|      |    |LD BC, 0x4000
      |      |    |  Z80:11cyc R800:3cyc
      |000050|0150|  01 00 40
------+------+----+----------------------------------
    97|      |    |CALL ROM_DUMP
      |      |    |  Z80:18cyc R800:5cyc
      |000053|0153|  CD 35 03
------+------+----+----------------------------------
    99|      |    |LD HL, S_SUB_ROM_FILE_NAME
      |      |    |  Z80:11cyc R800:3cyc
      |000056|0156|  21 D3 02
------+------+----+----------------------------------
   100|      |    |LD DE, FCB
      |      |    |  Z80:11cyc R800:3cyc
      |000059|0159|  11 10 03
------+------+----+----------------------------------
   101|      |    |CALL SUB_FCREATE
      |      |    |  Z80:18cyc R800:5cyc
      |00005C|015C|  CD 1E 04
------+------+----+----------------------------------
   102|      |    |OR A, A
      |      |    |  Z80:5cyc R800:1cyc
      |00005F|015F|  B7
------+------+----+----------------------------------
   103|      |    |CALL NZ, PUT_ERROR
      |      |    |  Z80:18cyc/11cyc R800:5cyc/3cyc
      |000060|0160|  C4 29 02
------+------+----+----------------------------------
   104|      |    |LD HL, FCB
      |      |    |  Z80:11cyc R800:3cyc
      |000063|0163|  21 10 03
------+------+----+----------------------------------
   105|      |    |LD DE, BUFFER
      |      |    |  Z80:11cyc R800:3cyc
      |000066|0166|  11 56 04
------+------+----+----------------------------------
   106|      |    |LD BC, 0x4000
      |      |    |  Z80:11cyc R800:3cyc
      |000069|0169|  01 00 40
------+------+----+----------------------------------
   107|      |    |CALL SUB_FWRITE
      |      |    |  Z80:18cyc R800:5cyc
      |00006C|016C|  CD 48 04
------+------+----+----------------------------------
   108|      |    |LD HL, FCB
      |      |    |  Z80:11cyc R800:3cyc
      |00006F|016F|  21 10 03
------+------+----+----------------------------------
   109|      |    |CALL SUB_FCLOSE
      |      |    |  Z80:18cyc R800:5cyc
      |000072|0172|  CD 42 04
------+------+----+----------------------------------
   110|      |    |CALL PUT_CRLF
      |      |    |  Z80:18cyc R800:5cyc
      |000075|0175|  CD 32 02
------+------+----+----------------------------------
   112|      |    |LD DE, S_IOTBASIC
      |      |    |  Z80:11cyc R800:3cyc
      |000078|0178|  11 8A 02
------+------+----+----------------------------------
   113|      |    |LD C, _STROUT
      |      |    |  Z80:8cyc R800:2cyc
      |00007B|017B|  0E 09
------+------+----+----------------------------------
   114|      |    |CALL BDOS
      |      |    |  Z80:18cyc R800:5cyc
      |00007D|017D|  CD 05 00
------+------+----+----------------------------------
   115|      |    |LD A, 0x84
      |      |    |  Z80:8cyc R800:2cyc
      |000080|0180|  3E 84
------+------+----+----------------------------------
   116|      |    |LD HL, 0x4000
      |      |    |  Z80:11cyc R800:3cyc
      |000082|0182|  21 00 40
------+------+----+----------------------------------
   117|      |    |LD DE, BUFFER
      |      |    |  Z80:11cyc R800:3cyc
      |000085|0185|  11 56 04
------+------+----+----------------------------------
   118|      |    |LD BC, 0x4000
      |      |    |  Z80:11cyc R800:3cyc
      |000088|0188|  01 00 40
------+------+----+----------------------------------
   119|      |    |CALL ROM_DUMP
      |      |    |  Z80:18cyc R800:5cyc
      |00008B|018B|  CD 35 03
------+------+----+----------------------------------
   121|      |    |LD HL, S_IOTBASIC_ROM_FILE_NAME
      |      |    |  Z80:11cyc R800:3cyc
      |00008E|018E|  21 EC 02
------+------+----+----------------------------------
   122|      |    |LD DE, FCB
      |      |    |  Z80:11cyc R800:3cyc
      |000091|0191|  11 10 03
------+------+----+----------------------------------
   123|      |    |CALL SUB_FCREATE
      |      |    |  Z80:18cyc R800:5cyc
      |000094|0194|  CD 1E 04
------+------+----+----------------------------------
   124|      |    |OR A, A
      |      |    |  Z80:5cyc R800:1cyc
      |000097|0197|  B7
------+------+----+----------------------------------
   125|      |    |CALL NZ, PUT_ERROR
      |      |    |  Z80:18cyc/11cyc R800:5cyc/3cyc
      |000098|0198|  C4 29 02
------+------+----+----------------------------------
   126|      |    |LD HL, FCB
      |      |    |  Z80:11cyc R800:3cyc
      |00009B|019B|  21 10 03
------+------+----+----------------------------------
   127|      |    |LD DE, BUFFER
      |      |    |  Z80:11cyc R800:3cyc
      |00009E|019E|  11 56 04
------+------+----+----------------------------------
   128|      |    |LD BC, 0x4000
      |      |    |  Z80:11cyc R800:3cyc
      |0000A1|01A1|  01 00 40
------+------+----+----------------------------------
   129|      |    |CALL SUB_FWRITE
      |      |    |  Z80:18cyc R800:5cyc
      |0000A4|01A4|  CD 48 04
------+------+----+----------------------------------
   130|      |    |LD HL, FCB
      |      |    |  Z80:11cyc R800:3cyc
      |0000A7|01A7|  21 10 03
------+------+----+----------------------------------
   131|      |    |CALL SUB_FCLOSE
      |      |    |  Z80:18cyc R800:5cyc
      |0000AA|01AA|  CD 42 04
------+------+----+----------------------------------
   132|      |    |CALL PUT_CRLF
      |      |    |  Z80:18cyc R800:5cyc
      |0000AD|01AD|  CD 32 02
------+------+----+----------------------------------
   134|      |    |LD DE, S_XBASIC
      |      |    |  Z80:11cyc R800:3cyc
      |0000B0|01B0|  11 7E 02
------+------+----+----------------------------------
   135|      |    |LD C, _STROUT
      |      |    |  Z80:8cyc R800:2cyc
      |0000B3|01B3|  0E 09
------+------+----+----------------------------------
   136|      |    |CALL BDOS
      |      |    |  Z80:18cyc R800:5cyc
      |0000B5|01B5|  CD 05 00
------+------+----+----------------------------------
   137|      |    |LD A, 0x88
      |      |    |  Z80:8cyc R800:2cyc
      |0000B8|01B8|  3E 88
------+------+----+----------------------------------
   138|      |    |LD HL, 0x4000
      |      |    |  Z80:11cyc R800:3cyc
      |0000BA|01BA|  21 00 40
------+------+----+----------------------------------
   139|      |    |LD DE, BUFFER
      |      |    |  Z80:11cyc R800:3cyc
      |0000BD|01BD|  11 56 04
------+------+----+----------------------------------
   140|      |    |LD BC, 0x4000
      |      |    |  Z80:11cyc R800:3cyc
      |0000C0|01C0|  01 00 40
------+------+----+----------------------------------
   141|      |    |CALL ROM_DUMP
      |      |    |  Z80:18cyc R800:5cyc
      |0000C3|01C3|  CD 35 03
------+------+----+----------------------------------
   143|      |    |LD HL, S_XBASIC_ROM_FILE_NAME
      |      |    |  Z80:11cyc R800:3cyc
      |0000C6|01C6|  21 DF 02
------+------+----+----------------------------------
   144|      |    |LD DE, FCB
      |      |    |  Z80:11cyc R800:3cyc
      |0000C9|01C9|  11 10 03
------+------+----+----------------------------------
   145|      |    |CALL SUB_FCREATE
      |      |    |  Z80:18cyc R800:5cyc
      |0000CC|01CC|  CD 1E 04
------+------+----+----------------------------------
   146|      |    |OR A, A
      |      |    |  Z80:5cyc R800:1cyc
      |0000CF|01CF|  B7
------+------+----+----------------------------------
   147|      |    |CALL NZ, PUT_ERROR
      |      |    |  Z80:18cyc/11cyc R800:5cyc/3cyc
      |0000D0|01D0|  C4 29 02
------+------+----+----------------------------------
   148|      |    |LD HL, FCB
      |      |    |  Z80:11cyc R800:3cyc
      |0000D3|01D3|  21 10 03
------+------+----+----------------------------------
   149|      |    |LD DE, BUFFER
      |      |    |  Z80:11cyc R800:3cyc
      |0000D6|01D6|  11 56 04
------+------+----+----------------------------------
   150|      |    |LD BC, 0x4000
      |      |    |  Z80:11cyc R800:3cyc
      |0000D9|01D9|  01 00 40
------+------+----+----------------------------------
   151|      |    |CALL SUB_FWRITE
      |      |    |  Z80:18cyc R800:5cyc
      |0000DC|01DC|  CD 48 04
------+------+----+----------------------------------
   152|      |    |LD HL, FCB
      |      |    |  Z80:11cyc R800:3cyc
      |0000DF|01DF|  21 10 03
------+------+----+----------------------------------
   153|      |    |CALL SUB_FCLOSE
      |      |    |  Z80:18cyc R800:5cyc
      |0000E2|01E2|  CD 42 04
------+------+----+----------------------------------
   154|      |    |CALL PUT_CRLF
      |      |    |  Z80:18cyc R800:5cyc
      |0000E5|01E5|  CD 32 02
------+------+----+----------------------------------
   156|      |    |LD DE, S_KANJIBASIC
      |      |    |  Z80:11cyc R800:3cyc
      |0000E8|01E8|  11 96 02
------+------+----+----------------------------------
   157|      |    |LD C, _STROUT
      |      |    |  Z80:8cyc R800:2cyc
      |0000EB|01EB|  0E 09
------+------+----+----------------------------------
   158|      |    |CALL BDOS
      |      |    |  Z80:18cyc R800:5cyc
      |0000ED|01ED|  CD 05 00
------+------+----+----------------------------------
   159|      |    |LD A, 0x8B
      |      |    |  Z80:8cyc R800:2cyc
      |0000F0|01F0|  3E 8B
------+------+----+----------------------------------
   160|      |    |LD HL, 0x4000
      |      |    |  Z80:11cyc R800:3cyc
      |0000F2|01F2|  21 00 40
------+------+----+----------------------------------
   161|      |    |LD DE, BUFFER
      |      |    |  Z80:11cyc R800:3cyc
      |0000F5|01F5|  11 56 04
------+------+----+----------------------------------
   162|      |    |LD BC, 0x8000
      |      |    |  Z80:11cyc R800:3cyc
      |0000F8|01F8|  01 00 80
------+------+----+----------------------------------
   163|      |    |CALL ROM_DUMP
      |      |    |  Z80:18cyc R800:5cyc
      |0000FB|01FB|  CD 35 03
------+------+----+----------------------------------
   165|      |    |LD HL, S_KANJIDRIVER_ROM_FILE_NAME
      |      |    |  Z80:11cyc R800:3cyc
      |0000FE|01FE|  21 F8 02
------+------+----+----------------------------------
   166|      |    |LD DE, FCB
      |      |    |  Z80:11cyc R800:3cyc
      |000101|0201|  11 10 03
------+------+----+----------------------------------
   167|      |    |CALL SUB_FCREATE
      |      |    |  Z80:18cyc R800:5cyc
      |000104|0204|  CD 1E 04
------+------+----+----------------------------------
   168|      |    |OR A, A
      |      |    |  Z80:5cyc R800:1cyc
      |000107|0207|  B7
------+------+----+----------------------------------
   169|      |    |CALL NZ, PUT_ERROR
      |      |    |  Z80:18cyc/11cyc R800:5cyc/3cyc
      |000108|0208|  C4 29 02
------+------+----+----------------------------------
   170|      |    |LD HL, FCB
      |      |    |  Z80:11cyc R800:3cyc
      |00010B|020B|  21 10 03
------+------+----+----------------------------------
   171|      |    |LD DE, BUFFER
      |      |    |  Z80:11cyc R800:3cyc
      |00010E|020E|  11 56 04
------+------+----+----------------------------------
   172|      |    |LD BC, 0x8000
      |      |    |  Z80:11cyc R800:3cyc
      |000111|0211|  01 00 80
------+------+----+----------------------------------
   173|      |    |CALL SUB_FWRITE
      |      |    |  Z80:18cyc R800:5cyc
      |000114|0214|  CD 48 04
------+------+----+----------------------------------
   174|      |    |LD HL, FCB
      |      |    |  Z80:11cyc R800:3cyc
      |000117|0217|  21 10 03
------+------+----+----------------------------------
   175|      |    |CALL SUB_FCLOSE
      |      |    |  Z80:18cyc R800:5cyc
      |00011A|021A|  CD 42 04
------+------+----+----------------------------------
   176|      |    |CALL PUT_CRLF
      |      |    |  Z80:18cyc R800:5cyc
      |00011D|021D|  CD 32 02
------+------+----+----------------------------------
   205|      |    |LD DE, S_COMPLETED
      |      |    |  Z80:11cyc R800:3cyc
      |000120|0220|  11 BB 02
------+------+----+----------------------------------
   206|      |    |LD C, _STROUT
      |      |    |  Z80:8cyc R800:2cyc
      |000123|0223|  0E 09
------+------+----+----------------------------------
   207|      |    |CALL BDOS
      |      |    |  Z80:18cyc R800:5cyc
      |000125|0225|  CD 05 00
------+------+----+----------------------------------
   208|      |    |RET
      |      |    |  Z80:11cyc R800:5cyc
      |000128|0228|  C9
------+------+----+----------------------------------
   210|      |    |ERR_BAD_FILE_NAME ::
      |      |    |  global label [ERR_BAD_FILE_NAME] address: 0x000229
------+------+----+----------------------------------
   211|      |    |PUT_ERROR :
      |      |    |  label [MAIN:PUT_ERROR] address: 0x000229
------+------+----+----------------------------------
   212|      |    |LD DE, S_FOPEN_ERROR
      |      |    |  Z80:11cyc R800:3cyc
      |000129|0229|  11 AE 02
------+------+----+----------------------------------
   213|      |    |LD C, _STROUT
      |      |    |  Z80:8cyc R800:2cyc
      |00012C|022C|  0E 09
------+------+----+----------------------------------
   214|      |    |CALL BDOS
      |      |    |  Z80:18cyc R800:5cyc
      |00012E|022E|  CD 05 00
------+------+----+----------------------------------
   215|      |    |RET
      |      |    |  Z80:11cyc R800:5cyc
      |000131|0231|  C9
------+------+----+----------------------------------
   216|      |    |PUT_CRLF :
      |      |    |  label [MAIN:PUT_CRLF] address: 0x000232
------+------+----+----------------------------------
   217|      |    |LD DE, S_CRLF
      |      |    |  Z80:11cyc R800:3cyc
      |000132|0232|  11 63 02
------+------+----+----------------------------------
   218|      |    |LD C, _STROUT
      |      |    |  Z80:8cyc R800:2cyc
      |000135|0235|  0E 09
------+------+----+----------------------------------
   219|      |    |CALL BDOS
      |      |    |  Z80:18cyc R800:5cyc
      |000137|0237|  CD 05 00
------+------+----+----------------------------------
   220|      |    |RET
      |      |    |  Z80:11cyc R800:5cyc
      |00013A|023A|  C9
------+------+----+----------------------------------
   222|      |    |S_TITLE :
      |      |    |  label [MAIN:S_TITLE] address: 0x00023b
------+------+----+----------------------------------
   223|      |    |DB "MSX0 BIOS Dumper", 13, 10
      |00013B|023B|  4D 53 58 30 20 42 49 4F
      |000143|0243|  53 20 44 75 6D 70 65 72
      |00014B|024B|  0D 0A
------+------+----+----------------------------------
   224|      |    |DB "Programmed by t.hara", 13, 10
      |00014D|024D|  50 72 6F 67 72 61 6D 6D
      |000155|0255|  65 64 20 62 79 20 74 2E
      |00015D|025D|  68 61 72 61 0D 0A
------+------+----+----------------------------------
   225|      |    |S_CRLF :
      |      |    |  label [MAIN:S_CRLF] address: 0x000263
------+------+----+----------------------------------
   226|      |    |DB 13, 10, '$'
      |000163|0263|  0D 0A 24
------+------+----+----------------------------------
   227|      |    |S_MAIN_ROM :
      |      |    |  label [MAIN:S_MAIN_ROM] address: 0x000266
------+------+----+----------------------------------
   228|      |    |DB "Main ROM  :$"
      |000166|0266|  4D 61 69 6E 20 52 4F 4D
      |00016E|026E|  20 20 3A 24
------+------+----+----------------------------------
   229|      |    |S_SUB_ROM :
      |      |    |  label [MAIN:S_SUB_ROM] address: 0x000272
------+------+----+----------------------------------
   230|      |    |DB "Sub ROM   :$"
      |000172|0272|  53 75 62 20 52 4F 4D 20
      |00017A|027A|  20 20 3A 24
------+------+----+----------------------------------
   231|      |    |S_XBASIC :
      |      |    |  label [MAIN:S_XBASIC] address: 0x00027e
------+------+----+----------------------------------
   232|      |    |DB "X-BASIC   :$"
      |00017E|027E|  58 2D 42 41 53 49 43 20
      |000186|0286|  20 20 3A 24
------+------+----+----------------------------------
   233|      |    |S_IOTBASIC :
      |      |    |  label [MAIN:S_IOTBASIC] address: 0x00028a
------+------+----+----------------------------------
   234|      |    |DB "IoTBASIC  :$"
      |00018A|028A|  49 6F 54 42 41 53 49 43
      |000192|0292|  20 20 3A 24
------+------+----+----------------------------------
   235|      |    |S_KANJIBASIC :
      |      |    |  label [MAIN:S_KANJIBASIC] address: 0x000296
------+------+----+----------------------------------
   236|      |    |DB "KanjiBASIC:$"
      |000196|0296|  4B 61 6E 6A 69 42 41 53
      |00019E|029E|  49 43 3A 24
------+------+----+----------------------------------
   237|      |    |S_KANJIFOONT :
      |      |    |  label [MAIN:S_KANJIFOONT] address: 0x0002a2
------+------+----+----------------------------------
   238|      |    |DB "KanjiROM  :$"
      |0001A2|02A2|  4B 61 6E 6A 69 52 4F 4D
      |0001AA|02AA|  20 20 3A 24
------+------+----+----------------------------------
   239|      |    |S_FOPEN_ERROR :
      |      |    |  label [MAIN:S_FOPEN_ERROR] address: 0x0002ae
------+------+----+----------------------------------
   240|      |    |DB "fopen error.$"
      |0001AE|02AE|  66 6F 70 65 6E 20 65 72
      |0001B6|02B6|  72 6F 72 2E 24
------+------+----+----------------------------------
   241|      |    |S_COMPLETED :
      |      |    |  label [MAIN:S_COMPLETED] address: 0x0002bb
------+------+----+----------------------------------
   242|      |    |DB "Completed.$"
      |0001BB|02BB|  43 6F 6D 70 6C 65 74 65
      |0001C3|02C3|  64 2E 24
------+------+----+----------------------------------
   243|      |    |S_MAIN_ROM_FILE_NAME :
      |      |    |  label [MAIN:S_MAIN_ROM_FILE_NAME] address: 0x0002c6
------+------+----+----------------------------------
   244|      |    |DB 12, "MSX0BIOS.ROM"
      |0001C6|02C6|  0C 4D 53 58 30 42 49 4F
      |0001CE|02CE|  53 2E 52 4F 4D
------+------+----+----------------------------------
   245|      |    |S_SUB_ROM_FILE_NAME :
      |      |    |  label [MAIN:S_SUB_ROM_FILE_NAME] address: 0x0002d3
------+------+----+----------------------------------
   246|      |    |DB 11, "MSX0EXT.ROM"
      |0001D3|02D3|  0B 4D 53 58 30 45 58 54
      |0001DB|02DB|  2E 52 4F 4D
------+------+----+----------------------------------
   247|      |    |S_XBASIC_ROM_FILE_NAME :
      |      |    |  label [MAIN:S_XBASIC_ROM_FILE_NAME] address: 0x0002df
------+------+----+----------------------------------
   248|      |    |DB 12, "MSX0XBAS.ROM"
      |0001DF|02DF|  0C 4D 53 58 30 58 42 41
      |0001E7|02E7|  53 2E 52 4F 4D
------+------+----+----------------------------------
   249|      |    |S_IOTBASIC_ROM_FILE_NAME :
      |      |    |  label [MAIN:S_IOTBASIC_ROM_FILE_NAME] address: 0x0002ec
------+------+----+----------------------------------
   250|      |    |DB 11, "MSX0IOT.ROM"
      |0001EC|02EC|  0B 4D 53 58 30 49 4F 54
      |0001F4|02F4|  2E 52 4F 4D
------+------+----+----------------------------------
   251|      |    |S_KANJIDRIVER_ROM_FILE_NAME :
      |      |    |  label [MAIN:S_KANJIDRIVER_ROM_FILE_NAME] address: 0x0002f8
------+------+----+----------------------------------
   252|      |    |DB 11, "MSX0KDR.ROM"
      |0001F8|02F8|  0B 4D 53 58 30 4B 44 52
      |000200|0300|  2E 52 4F 4D
------+------+----+----------------------------------
   253|      |    |S_KANJIFONT_ROM_FILE_NAME :
      |      |    |  label [MAIN:S_KANJIFONT_ROM_FILE_NAME] address: 0x000304
------+------+----+----------------------------------
   254|      |    |DB 11, "MSX0KFN.ROM"
      |000204|0304|  0B 4D 53 58 30 4B 46 4E
      |00020C|030C|  2E 52 4F 4D
------+------+----+----------------------------------
   255|      |    |FCB :
      |      |    |  label [MAIN:FCB] address: 0x000310
------+------+----+----------------------------------
   256|      |    |SPACE 37
      |      |    |  Allocate space: 37byte(s)
      |      |    |  Fill value    : 0(0x00)
      |000210|0310|  00 00 00 00 00 00 00 00
      |000218|0318|  00 00 00 00 00 00 00 00
      |000220|0320|  00 00 00 00 00 00 00 00
      |000228|0328|  00 00 00 00 00 00 00 00
      |000230|0330|  00 00 00 00 00
------+------+----+----------------------------------
   257|      |    |ENDSCOPE
      |      |    |  Exit scope: MAIN:
------+------+----+----------------------------------
   264|      |    |SCOPE ROM_DUMP
      |      |    |  Enter scope: ROM_DUMP:
------+------+----+----------------------------------
   265|      |    |ROM_DUMP ::
      |      |    |  global label [ROM_DUMP] address: 0x000335
------+------+----+----------------------------------
   266|      |    |PUSH AF
      |      |    |  Z80:12cyc R800:6cyc
      |000235|0335|  F5
------+------+----+----------------------------------
   267|      |    |LOOP :
      |      |    |  label [ROM_DUMP:LOOP] address: 0x000336
------+------+----+----------------------------------
   268|      |    |POP AF
      |      |    |  Z80:11cyc R800:5cyc
      |000236|0336|  F1
------+------+----+----------------------------------
   269|      |    |PUSH AF
      |      |    |  Z80:12cyc R800:6cyc
      |000237|0337|  F5
------+------+----+----------------------------------
   270|      |    |PUSH HL
      |      |    |  Z80:12cyc R800:6cyc
      |000238|0338|  E5
------+------+----+----------------------------------
   271|      |    |PUSH DE
      |      |    |  Z80:12cyc R800:6cyc
      |000239|0339|  D5
------+------+----+----------------------------------
   272|      |    |PUSH BC
      |      |    |  Z80:12cyc R800:6cyc
      |00023A|033A|  C5
------+------+----+----------------------------------
   273|      |    |CALL RDSLT
      |      |    |  Z80:18cyc R800:5cyc
      |00023B|033B|  CD 0C 00
------+------+----+----------------------------------
   274|      |    |POP BC
      |      |    |  Z80:11cyc R800:5cyc
      |00023E|033E|  C1
------+------+----+----------------------------------
   275|      |    |POP DE
      |      |    |  Z80:11cyc R800:5cyc
      |00023F|033F|  D1
------+------+----+----------------------------------
   276|      |    |POP HL
      |      |    |  Z80:11cyc R800:5cyc
      |000240|0340|  E1
------+------+----+----------------------------------
   277|      |    |LD [ DE ], A
      |      |    |  Z80:8cyc R800:4cyc
      |000241|0341|  12
------+------+----+----------------------------------
   278|      |    |INC DE
      |      |    |  Z80:7cyc R800:1cyc
      |000242|0342|  13
------+------+----+----------------------------------
   279|      |    |INC HL
      |      |    |  Z80:7cyc R800:1cyc
      |000243|0343|  23
------+------+----+----------------------------------
   280|      |    |DEC BC
      |      |    |  Z80:7cyc R800:1cyc
      |000244|0344|  0B
------+------+----+----------------------------------
   281|      |    |LD A, B
      |      |    |  Z80:5cyc R800:2cyc
      |000245|0345|  78
------+------+----+----------------------------------
   282|      |    |AND A, 0x1F
      |      |    |  Z80:8cyc R800:2cyc
      |000246|0346|  E6 1F
------+------+----+----------------------------------
   283|      |    |OR A, C
      |      |    |  Z80:5cyc R800:1cyc
      |000248|0348|  B1
------+------+----+----------------------------------
   284|      |    |JR NZ, SKIP1
      |      |    |  Z80:13cyc/8cyc R800:3cyc/2cyc
      |000249|0349|  20 0D
------+------+----+----------------------------------
   286|      |    |PUSH HL
      |      |    |  Z80:12cyc R800:6cyc
      |00024B|034B|  E5
------+------+----+----------------------------------
   287|      |    |PUSH DE
      |      |    |  Z80:12cyc R800:6cyc
      |00024C|034C|  D5
------+------+----+----------------------------------
   288|      |    |PUSH BC
      |      |    |  Z80:12cyc R800:6cyc
      |00024D|034D|  C5
------+------+----+----------------------------------
   289|      |    |LD C, _CONOUT
      |      |    |  Z80:8cyc R800:2cyc
      |00024E|034E|  0E 02
------+------+----+----------------------------------
   290|      |    |LD E, '*'
      |      |    |  Z80:8cyc R800:2cyc
      |000250|0350|  1E 2A
------+------+----+----------------------------------
   291|      |    |CALL BDOS
      |      |    |  Z80:18cyc R800:5cyc
      |000252|0352|  CD 05 00
------+------+----+----------------------------------
   292|      |    |POP BC
      |      |    |  Z80:11cyc R800:5cyc
      |000255|0355|  C1
------+------+----+----------------------------------
   293|      |    |POP DE
      |      |    |  Z80:11cyc R800:5cyc
      |000256|0356|  D1
------+------+----+----------------------------------
   294|      |    |POP HL
      |      |    |  Z80:11cyc R800:5cyc
      |000257|0357|  E1
------+------+----+----------------------------------
   295|      |    |SKIP1 :
      |      |    |  label [ROM_DUMP:SKIP1] address: 0x000358
------+------+----+----------------------------------
   296|      |    |LD A, C
      |      |    |  Z80:5cyc R800:2cyc
      |000258|0358|  79
------+------+----+----------------------------------
   297|      |    |OR A, B
      |      |    |  Z80:5cyc R800:1cyc
      |000259|0359|  B0
------+------+----+----------------------------------
   298|      |    |JR NZ, LOOP
      |      |    |  Z80:13cyc/8cyc R800:3cyc/2cyc
      |00025A|035A|  20 DA
------+------+----+----------------------------------
   299|      |    |POP AF
      |      |    |  Z80:11cyc R800:5cyc
      |00025C|035C|  F1
------+------+----+----------------------------------
   300|      |    |RET
      |      |    |  Z80:11cyc R800:5cyc
      |00025D|035D|  C9
------+------+----+----------------------------------
   301|      |    |ENDSCOPE
      |      |    |  Exit scope: ROM_DUMP:
------+------+----+----------------------------------
   315|      |    |SCOPE SUB_SETUP_FCB
      |      |    |  Enter scope: SUB_SETUP_FCB:
------+------+----+----------------------------------
   316|      |    |SUB_SETUP_FCB ::
      |      |    |  global label [SUB_SETUP_FCB] address: 0x00035e
------+------+----+----------------------------------
   318|      |    |PUSH HL
      |      |    |  Z80:12cyc R800:6cyc
      |00025E|035E|  E5
------+------+----+----------------------------------
   319|      |    |PUSH DE
      |      |    |  Z80:12cyc R800:6cyc
      |00025F|035F|  D5
------+------+----+----------------------------------
   320|      |    |LD L, E
      |      |    |  Z80:5cyc R800:2cyc
      |000260|0360|  6B
------+------+----+----------------------------------
   321|      |    |LD H, D
      |      |    |  Z80:5cyc R800:2cyc
      |000261|0361|  62
------+------+----+----------------------------------
   322|      |    |INC DE
      |      |    |  Z80:7cyc R800:1cyc
      |000262|0362|  13
------+------+----+----------------------------------
   323|      |    |LD BC, 36
      |      |    |  Z80:11cyc R800:3cyc
      |000263|0363|  01 24 00
------+------+----+----------------------------------
   324|      |    |LD [ HL ], 0
      |      |    |  Z80:11cyc R800:5cyc
      |000266|0366|  36 00
------+------+----+----------------------------------
   325|      |    |LDIR
      |      |    |  Z80:23cyc/18cyc R800:7cyc
      |000268|0368|  ED B0
------+------+----+----------------------------------
   327|      |    |LD C, _CURDRV
      |      |    |  Z80:8cyc R800:2cyc
      |00026A|036A|  0E 19
------+------+----+----------------------------------
   328|      |    |CALL BDOS
      |      |    |  Z80:18cyc R800:5cyc
      |00026C|036C|  CD 05 00
------+------+----+----------------------------------
   329|      |    |INC A
      |      |    |  Z80:5cyc R800:1cyc
      |00026F|036F|  3C
------+------+----+----------------------------------
   330|      |    |POP DE
      |      |    |  Z80:11cyc R800:5cyc
      |000270|0370|  D1
------+------+----+----------------------------------
   331|      |    |POP HL
      |      |    |  Z80:11cyc R800:5cyc
      |000271|0371|  E1
------+------+----+----------------------------------
   332|      |    |LD [ DE ], A
      |      |    |  Z80:8cyc R800:4cyc
      |000272|0372|  12
------+------+----+----------------------------------
   334|      |    |LD A, [ HL ]
      |      |    |  Z80:8cyc R800:4cyc
      |000273|0373|  7E
------+------+----+----------------------------------
   335|      |    |INC HL
      |      |    |  Z80:7cyc R800:1cyc
      |000274|0374|  23
------+------+----+----------------------------------
   336|      |    |LD C, A
      |      |    |  Z80:5cyc R800:2cyc
      |000275|0375|  4F
------+------+----+----------------------------------
   337|      |    |CP A, 3
      |      |    |  Z80:8cyc R800:2cyc
      |000276|0376|  FE 03
------+------+----+----------------------------------
   338|      |    |JR C, COPY_FILE_NAME
      |      |    |  Z80:13cyc/8cyc R800:3cyc/2cyc
      |000278|0378|  38 1C
------+------+----+----------------------------------
   339|      |    |INC HL
      |      |    |  Z80:7cyc R800:1cyc
      |00027A|037A|  23
------+------+----+----------------------------------
   340|      |    |LD A, [ HL ]
      |      |    |  Z80:8cyc R800:4cyc
      |00027B|037B|  7E
------+------+----+----------------------------------
   341|      |    |DEC HL
      |      |    |  Z80:7cyc R800:1cyc
      |00027C|037C|  2B
------+------+----+----------------------------------
   342|      |    |CP A, ':'
      |      |    |  Z80:8cyc R800:2cyc
      |00027D|037D|  FE 3A
------+------+----+----------------------------------
   343|      |    |JR NZ, COPY_FILE_NAME
      |      |    |  Z80:13cyc/8cyc R800:3cyc/2cyc
      |00027F|037F|  20 15
------+------+----+----------------------------------
   344|      |    |LD A, [ HL ]
      |      |    |  Z80:8cyc R800:4cyc
      |000281|0381|  7E
------+------+----+----------------------------------
   345|      |    |OR A, A
      |      |    |  Z80:5cyc R800:1cyc
      |000282|0382|  B7
------+------+----+----------------------------------
   346|      |    |JP M, COPY_FILE_NAME
      |      |    |  Z80:11cyc R800:5cyc/3cyc
      |000283|0383|  FA 96 03
------+------+----+----------------------------------
   347|      |    |AND A, 0b1101_1111
      |      |    |  Z80:8cyc R800:2cyc
      |000286|0386|  E6 DF
------+------+----+----------------------------------
   348|      |    |CP A, 'H' + 1
      |      |    |  Z80:8cyc R800:2cyc
      |000288|0388|  FE 49
------+------+----+----------------------------------
   349|      |    |JR NC, COPY_FILE_NAME
      |      |    |  Z80:13cyc/8cyc R800:3cyc/2cyc
      |00028A|038A|  30 0A
------+------+----+----------------------------------
   350|      |    |SUB A, 'A'
      |      |    |  Z80:8cyc R800:2cyc
      |00028C|038C|  D6 41
------+------+----+----------------------------------
   351|      |    |JR C, COPY_FILE_NAME
      |      |    |  Z80:13cyc/8cyc R800:3cyc/2cyc
      |00028E|038E|  38 06
------+------+----+----------------------------------
   352|      |    |INC A
      |      |    |  Z80:5cyc R800:1cyc
      |000290|0390|  3C
------+------+----+----------------------------------
   353|      |    |LD [ DE ], A
      |      |    |  Z80:8cyc R800:4cyc
      |000291|0391|  12
------+------+----+----------------------------------
   354|      |    |INC HL
      |      |    |  Z80:7cyc R800:1cyc
      |000292|0392|  23
------+------+----+----------------------------------
   355|      |    |INC HL
      |      |    |  Z80:7cyc R800:1cyc
      |000293|0393|  23
------+------+----+----------------------------------
   356|      |    |DEC C
      |      |    |  Z80:5cyc R800:1cyc
      |000294|0394|  0D
------+------+----+----------------------------------
   357|      |    |DEC C
      |      |    |  Z80:5cyc R800:1cyc
      |000295|0395|  0D
------+------+----+----------------------------------
   359|      |    |COPY_FILE_NAME :
      |      |    |  label [SUB_SETUP_FCB:COPY_FILE_NAME] address: 0x000396
------+------+----+----------------------------------
   360|      |    |INC DE
      |      |    |  Z80:7cyc R800:1cyc
      |000296|0396|  13
------+------+----+----------------------------------
   361|      |    |LD B, 8
      |      |    |  Z80:8cyc R800:2cyc
      |000297|0397|  06 08
------+------+----+----------------------------------
   362|      |    |INC C
      |      |    |  Z80:5cyc R800:1cyc
      |000299|0399|  0C
------+------+----+----------------------------------
   363|      |    |COPY_FILE_NAME_LOOP :
      |      |    |  label [SUB_SETUP_FCB:COPY_FILE_NAME_LOOP] address: 0x00039a
------+------+----+----------------------------------
   364|      |    |DEC C
      |      |    |  Z80:5cyc R800:1cyc
      |00029A|039A|  0D
------+------+----+----------------------------------
   365|      |    |JR Z, FILL_NAME_PADDING
      |      |    |  Z80:13cyc/8cyc R800:3cyc/2cyc
      |00029B|039B|  28 21
------+------+----+----------------------------------
   366|      |    |LD A, [ HL ]
      |      |    |  Z80:8cyc R800:4cyc
      |00029D|039D|  7E
------+------+----+----------------------------------
   367|      |    |CP A, '.'
      |      |    |  Z80:8cyc R800:2cyc
      |00029E|039E|  FE 2E
------+------+----+----------------------------------
   368|      |    |JR Z, COPY_EXT_NAME_SKIP_DOT
      |      |    |  Z80:13cyc/8cyc R800:3cyc/2cyc
      |0002A0|03A0|  28 1E
------+------+----+----------------------------------
   369|      |    |CP A, '*'
      |      |    |  Z80:8cyc R800:2cyc
      |0002A2|03A2|  FE 2A
------+------+----+----------------------------------
   370|      |    |JR Z, COPY_EXT_NAME_SKIP_WILDCARD
      |      |    |  Z80:13cyc/8cyc R800:3cyc/2cyc
      |0002A4|03A4|  28 13
------+------+----+----------------------------------
   371|      |    |CALL CHECK_ERROR_CHAR
      |      |    |  Z80:18cyc R800:5cyc
      |0002A6|03A6|  CD F1 03
------+------+----+----------------------------------
   372|      |    |JP C, ERR_BAD_FILE_NAME
      |      |    |  Z80:11cyc R800:5cyc/3cyc
      |0002A9|03A9|  DA 29 02
------+------+----+----------------------------------
   373|      |    |LD [ DE ], A
      |      |    |  Z80:8cyc R800:4cyc
      |0002AC|03AC|  12
------+------+----+----------------------------------
   374|      |    |INC HL
      |      |    |  Z80:7cyc R800:1cyc
      |0002AD|03AD|  23
------+------+----+----------------------------------
   375|      |    |INC DE
      |      |    |  Z80:7cyc R800:1cyc
      |0002AE|03AE|  13
------+------+----+----------------------------------
   376|      |    |DJNZ COPY_FILE_NAME_LOOP
      |      |    |  Z80:14cyc/9cyc R800:3cyc/2cyc
      |0002AF|03AF|  10 E9
------+------+----+----------------------------------
   378|      |    |LD A, [ HL ]
      |      |    |  Z80:8cyc R800:4cyc
      |0002B1|03B1|  7E
------+------+----+----------------------------------
   379|      |    |CP A, '.'
      |      |    |  Z80:8cyc R800:2cyc
      |0002B2|03B2|  FE 2E
------+------+----+----------------------------------
   380|      |    |JR NZ, COPY_EXT_NAME
      |      |    |  Z80:13cyc/8cyc R800:3cyc/2cyc
      |0002B4|03B4|  20 12
------+------+----+----------------------------------
   381|      |    |INC HL
      |      |    |  Z80:7cyc R800:1cyc
      |0002B6|03B6|  23
------+------+----+----------------------------------
   382|      |    |JR COPY_EXT_NAME
      |      |    |  Z80:13cyc R800:3cyc
      |0002B7|03B7|  18 0F
------+------+----+----------------------------------
   384|      |    |COPY_EXT_NAME_SKIP_WILDCARD :
      |      |    |  label [SUB_SETUP_FCB:COPY_EXT_NAME_SKIP_WILDCARD] address: 0x0003b9
------+------+----+----------------------------------
   385|      |    |LD A, '?'
      |      |    |  Z80:8cyc R800:2cyc
      |0002B9|03B9|  3E 3F
------+------+----+----------------------------------
   386|      |    |INC HL
      |      |    |  Z80:7cyc R800:1cyc
      |0002BB|03BB|  23
------+------+----+----------------------------------
   387|      |    |JR COPY_EXT_NAME_SKIP_DOT_LOOP
      |      |    |  Z80:13cyc R800:3cyc
      |0002BC|03BC|  18 04
------+------+----+----------------------------------
   389|      |    |FILL_NAME_PADDING :
      |      |    |  label [SUB_SETUP_FCB:FILL_NAME_PADDING] address: 0x0003be
------+------+----+----------------------------------
   390|      |    |DEC HL
      |      |    |  Z80:7cyc R800:1cyc
      |0002BE|03BE|  2B
------+------+----+----------------------------------
   391|      |    |INC C
      |      |    |  Z80:5cyc R800:1cyc
      |0002BF|03BF|  0C
------+------+----+----------------------------------
   392|      |    |COPY_EXT_NAME_SKIP_DOT :
      |      |    |  label [SUB_SETUP_FCB:COPY_EXT_NAME_SKIP_DOT] address: 0x0003c0
------+------+----+----------------------------------
   393|      |    |LD A, ' '
      |      |    |  Z80:8cyc R800:2cyc
      |0002C0|03C0|  3E 20
------+------+----+----------------------------------
   394|      |    |COPY_EXT_NAME_SKIP_DOT_LOOP :
      |      |    |  label [SUB_SETUP_FCB:COPY_EXT_NAME_SKIP_DOT_LOOP] address: 0x0003c2
------+------+----+----------------------------------
   395|      |    |LD [ DE ], A
      |      |    |  Z80:8cyc R800:4cyc
      |0002C2|03C2|  12
------+------+----+----------------------------------
   396|      |    |INC DE
      |      |    |  Z80:7cyc R800:1cyc
      |0002C3|03C3|  13
------+------+----+----------------------------------
   397|      |    |DJNZ COPY_EXT_NAME_SKIP_DOT_LOOP
      |      |    |  Z80:14cyc/9cyc R800:3cyc/2cyc
      |0002C4|03C4|  10 FC
------+------+----+----------------------------------
   398|      |    |INC HL
      |      |    |  Z80:7cyc R800:1cyc
      |0002C6|03C6|  23
------+------+----+----------------------------------
   399|      |    |DEC C
      |      |    |  Z80:5cyc R800:1cyc
      |0002C7|03C7|  0D
------+------+----+----------------------------------
   401|      |    |COPY_EXT_NAME :
      |      |    |  label [SUB_SETUP_FCB:COPY_EXT_NAME] address: 0x0003c8
------+------+----+----------------------------------
   402|      |    |LD B, 3
      |      |    |  Z80:8cyc R800:2cyc
      |0002C8|03C8|  06 03
------+------+----+----------------------------------
   403|      |    |INC C
      |      |    |  Z80:5cyc R800:1cyc
      |0002CA|03CA|  0C
------+------+----+----------------------------------
   404|      |    |DEC C
      |      |    |  Z80:5cyc R800:1cyc
      |0002CB|03CB|  0D
------+------+----+----------------------------------
   405|      |    |JR Z, FILL_EXT_PADDING
      |      |    |  Z80:13cyc/8cyc R800:3cyc/2cyc
      |0002CC|03CC|  28 1C
------+------+----+----------------------------------
   406|      |    |COPY_EXT_NAME_LOOP :
      |      |    |  label [SUB_SETUP_FCB:COPY_EXT_NAME_LOOP] address: 0x0003ce
------+------+----+----------------------------------
   407|      |    |LD A, [ HL ]
      |      |    |  Z80:8cyc R800:4cyc
      |0002CE|03CE|  7E
------+------+----+----------------------------------
   408|      |    |CP A, '*'
      |      |    |  Z80:8cyc R800:2cyc
      |0002CF|03CF|  FE 2A
------+------+----+----------------------------------
   409|      |    |JR Z, COPY_EXT_NAME_PADDING_WILDCARD
      |      |    |  Z80:13cyc/8cyc R800:3cyc/2cyc
      |0002D1|03D1|  28 10
------+------+----+----------------------------------
   410|      |    |CALL CHECK_ERROR_CHAR
      |      |    |  Z80:18cyc R800:5cyc
      |0002D3|03D3|  CD F1 03
------+------+----+----------------------------------
   411|      |    |JP C, ERR_BAD_FILE_NAME
      |      |    |  Z80:11cyc R800:5cyc/3cyc
      |0002D6|03D6|  DA 29 02
------+------+----+----------------------------------
   412|      |    |LD [ DE ], A
      |      |    |  Z80:8cyc R800:4cyc
      |0002D9|03D9|  12
------+------+----+----------------------------------
   413|      |    |INC HL
      |      |    |  Z80:7cyc R800:1cyc
      |0002DA|03DA|  23
------+------+----+----------------------------------
   414|      |    |INC DE
      |      |    |  Z80:7cyc R800:1cyc
      |0002DB|03DB|  13
------+------+----+----------------------------------
   415|      |    |DEC C
      |      |    |  Z80:5cyc R800:1cyc
      |0002DC|03DC|  0D
------+------+----+----------------------------------
   416|      |    |JR Z, COPY_EXT_NAME_PADDING
      |      |    |  Z80:13cyc/8cyc R800:3cyc/2cyc
      |0002DD|03DD|  28 08
------+------+----+----------------------------------
   417|      |    |DJNZ COPY_EXT_NAME_LOOP
      |      |    |  Z80:14cyc/9cyc R800:3cyc/2cyc
      |0002DF|03DF|  10 ED
------+------+----+----------------------------------
   418|      |    |JR COPY_NAME_FINISH
      |      |    |  Z80:13cyc R800:3cyc
      |0002E1|03E1|  18 0D
------+------+----+----------------------------------
   420|      |    |COPY_EXT_NAME_PADDING_WILDCARD :
      |      |    |  label [SUB_SETUP_FCB:COPY_EXT_NAME_PADDING_WILDCARD] address: 0x0003e3
------+------+----+----------------------------------
   421|      |    |LD A, '?'
      |      |    |  Z80:8cyc R800:2cyc
      |0002E3|03E3|  3E 3F
------+------+----+----------------------------------
   422|      |    |JR COPY_EXT_NAME_PADDING_LOOP
      |      |    |  Z80:13cyc R800:3cyc
      |0002E5|03E5|  18 05
------+------+----+----------------------------------
   424|      |    |COPY_EXT_NAME_PADDING :
      |      |    |  label [SUB_SETUP_FCB:COPY_EXT_NAME_PADDING] address: 0x0003e7
------+------+----+----------------------------------
   425|      |    |DEC B
      |      |    |  Z80:5cyc R800:1cyc
      |0002E7|03E7|  05
------+------+----+----------------------------------
   426|      |    |JR Z, COPY_NAME_FINISH
      |      |    |  Z80:13cyc/8cyc R800:3cyc/2cyc
      |0002E8|03E8|  28 06
------+------+----+----------------------------------
   427|      |    |FILL_EXT_PADDING :
      |      |    |  label [SUB_SETUP_FCB:FILL_EXT_PADDING] address: 0x0003ea
------+------+----+----------------------------------
   428|      |    |LD A, ' '
      |      |    |  Z80:8cyc R800:2cyc
      |0002EA|03EA|  3E 20
------+------+----+----------------------------------
   429|      |    |COPY_EXT_NAME_PADDING_LOOP :
      |      |    |  label [SUB_SETUP_FCB:COPY_EXT_NAME_PADDING_LOOP] address: 0x0003ec
------+------+----+----------------------------------
   430|      |    |LD [ DE ], A
      |      |    |  Z80:8cyc R800:4cyc
      |0002EC|03EC|  12
------+------+----+----------------------------------
   431|      |    |INC DE
      |      |    |  Z80:7cyc R800:1cyc
      |0002ED|03ED|  13
------+------+----+----------------------------------
   432|      |    |DJNZ COPY_EXT_NAME_PADDING_LOOP
      |      |    |  Z80:14cyc/9cyc R800:3cyc/2cyc
      |0002EE|03EE|  10 FC
------+------+----+----------------------------------
   434|      |    |COPY_NAME_FINISH :
      |      |    |  label [SUB_SETUP_FCB:COPY_NAME_FINISH] address: 0x0003f0
------+------+----+----------------------------------
   435|      |    |RET
      |      |    |  Z80:11cyc R800:5cyc
      |0002F0|03F0|  C9
------+------+----+----------------------------------
   437|      |    |CHECK_ERROR_CHAR :
      |      |    |  label [SUB_SETUP_FCB:CHECK_ERROR_CHAR] address: 0x0003f1
------+------+----+----------------------------------
   438|      |    |PUSH HL
      |      |    |  Z80:12cyc R800:6cyc
      |0002F1|03F1|  E5
------+------+----+----------------------------------
   439|      |    |PUSH BC
      |      |    |  Z80:12cyc R800:6cyc
      |0002F2|03F2|  C5
------+------+----+----------------------------------
   440|      |    |LD HL, ERROR_CHAR
      |      |    |  Z80:11cyc R800:3cyc
      |0002F3|03F3|  21 12 04
------+------+----+----------------------------------
   441|      |    |LD B, A
      |      |    |  Z80:5cyc R800:2cyc
      |0002F6|03F6|  47
------+------+----+----------------------------------
   442|      |    |CHECK_ERROR_CHAR_LOOP :
      |      |    |  label [SUB_SETUP_FCB:CHECK_ERROR_CHAR_LOOP] address: 0x0003f7
------+------+----+----------------------------------
   443|      |    |LD A, [ HL ]
      |      |    |  Z80:8cyc R800:4cyc
      |0002F7|03F7|  7E
------+------+----+----------------------------------
   444|      |    |OR A, A
      |      |    |  Z80:5cyc R800:1cyc
      |0002F8|03F8|  B7
------+------+----+----------------------------------
   445|      |    |JR Z, CHECK_ERROR_EXIT
      |      |    |  Z80:13cyc/8cyc R800:3cyc/2cyc
      |0002F9|03F9|  28 07
------+------+----+----------------------------------
   446|      |    |CP A, B
      |      |    |  Z80:5cyc R800:1cyc
      |0002FB|03FB|  B8
------+------+----+----------------------------------
   447|      |    |SCF
      |      |    |  Z80:5cyc R800:1cyc
      |0002FC|03FC|  37
------+------+----+----------------------------------
   448|      |    |JR Z, CHECK_ERROR_EXIT
      |      |    |  Z80:13cyc/8cyc R800:3cyc/2cyc
      |0002FD|03FD|  28 03
------+------+----+----------------------------------
   449|      |    |INC HL
      |      |    |  Z80:7cyc R800:1cyc
      |0002FF|03FF|  23
------+------+----+----------------------------------
   450|      |    |JR CHECK_ERROR_CHAR_LOOP
      |      |    |  Z80:13cyc R800:3cyc
      |000300|0400|  18 F5
------+------+----+----------------------------------
   451|      |    |CHECK_ERROR_EXIT :
      |      |    |  label [SUB_SETUP_FCB:CHECK_ERROR_EXIT] address: 0x000402
------+------+----+----------------------------------
   452|      |    |LD A, B
      |      |    |  Z80:5cyc R800:2cyc
      |000302|0402|  78
------+------+----+----------------------------------
   453|      |    |POP BC
      |      |    |  Z80:11cyc R800:5cyc
      |000303|0403|  C1
------+------+----+----------------------------------
   454|      |    |POP HL
      |      |    |  Z80:11cyc R800:5cyc
      |000304|0404|  E1
------+------+----+----------------------------------
   455|      |    |RET C
      |      |    |  Z80:12cyc/6cyc R800:5cyc/1cyc
      |000305|0405|  D8
------+------+----+----------------------------------
   456|      |    |TOUPPER :
      |      |    |  label [SUB_SETUP_FCB:TOUPPER] address: 0x000406
------+------+----+----------------------------------
   457|      |    |CP A, 'a'
      |      |    |  Z80:8cyc R800:2cyc
      |000306|0406|  FE 61
------+------+----+----------------------------------
   458|      |    |JR C, TOUPPER_EXIT
      |      |    |  Z80:13cyc/8cyc R800:3cyc/2cyc
      |000308|0408|  38 06
------+------+----+----------------------------------
   459|      |    |CP A, 'z' + 1
      |      |    |  Z80:8cyc R800:2cyc
      |00030A|040A|  FE 7B
------+------+----+----------------------------------
   460|      |    |JR NC, TOUPPER_EXIT
      |      |    |  Z80:13cyc/8cyc R800:3cyc/2cyc
      |00030C|040C|  30 02
------+------+----+----------------------------------
   461|      |    |AND A, 0b1101_1111
      |      |    |  Z80:8cyc R800:2cyc
      |00030E|040E|  E6 DF
------+------+----+----------------------------------
   462|      |    |TOUPPER_EXIT :
      |      |    |  label [SUB_SETUP_FCB:TOUPPER_EXIT] address: 0x000410
------+------+----+----------------------------------
   463|      |    |OR A, A
      |      |    |  Z80:5cyc R800:1cyc
      |000310|0410|  B7
------+------+----+----------------------------------
   464|      |    |RET
      |      |    |  Z80:11cyc R800:5cyc
      |000311|0411|  C9
------+------+----+----------------------------------
   465|      |    |ERROR_CHAR :
      |      |    |  label [SUB_SETUP_FCB:ERROR_CHAR] address: 0x000412
------+------+----+----------------------------------
   466|      |    |DB ":\"\\^|<>,./ ", 0
      |000312|0412|  3A 22 5C 5E 7C 3C 3E 2C
      |00031A|041A|  2E 2F 20 00
------+------+----+----------------------------------
   467|      |    |ENDSCOPE
      |      |    |  Exit scope: SUB_SETUP_FCB:
------+------+----+----------------------------------
   481|      |    |SCOPE SUB_FCREATE
      |      |    |  Enter scope: SUB_FCREATE:
------+------+----+----------------------------------
   482|      |    |SUB_FCREATE ::
      |      |    |  global label [SUB_FCREATE] address: 0x00041e
------+------+----+----------------------------------
   483|      |    |PUSH DE
      |      |    |  Z80:12cyc R800:6cyc
      |00031E|041E|  D5
------+------+----+----------------------------------
   484|      |    |CALL SUB_SETUP_FCB
      |      |    |  Z80:18cyc R800:5cyc
      |00031F|041F|  CD 5E 03
------+------+----+----------------------------------
   485|      |    |POP DE
      |      |    |  Z80:11cyc R800:5cyc
      |000322|0422|  D1
------+------+----+----------------------------------
   486|      |    |PUSH DE
      |      |    |  Z80:12cyc R800:6cyc
      |000323|0423|  D5
------+------+----+----------------------------------
   487|      |    |LD C, _FMAKE
      |      |    |  Z80:8cyc R800:2cyc
      |000324|0424|  0E 16
------+------+----+----------------------------------
   488|      |    |CALL BDOS
      |      |    |  Z80:18cyc R800:5cyc
      |000326|0426|  CD 05 00
------+------+----+----------------------------------
   489|      |    |POP HL
      |      |    |  Z80:11cyc R800:5cyc
      |000329|0429|  E1
------+------+----+----------------------------------
   490|      |    |LD DE, 14
      |      |    |  Z80:11cyc R800:3cyc
      |00032A|042A|  11 0E 00
------+------+----+----------------------------------
   491|      |    |ADD HL, DE
      |      |    |  Z80:12cyc R800:1cyc
      |00032D|042D|  19
------+------+----+----------------------------------
   492|      |    |PUSH AF
      |      |    |  Z80:12cyc R800:6cyc
      |00032E|042E|  F5
------+------+----+----------------------------------
   493|      |    |LD A, 1
      |      |    |  Z80:8cyc R800:2cyc
      |00032F|042F|  3E 01
------+------+----+----------------------------------
   494|      |    |LD [ HL ], A
      |      |    |  Z80:8cyc R800:4cyc
      |000331|0431|  77
------+------+----+----------------------------------
   495|      |    |DEC A
      |      |    |  Z80:5cyc R800:1cyc
      |000332|0432|  3D
------+------+----+----------------------------------
   496|      |    |INC HL
      |      |    |  Z80:7cyc R800:1cyc
      |000333|0433|  23
------+------+----+----------------------------------
   497|      |    |LD [ HL ], A
      |      |    |  Z80:8cyc R800:4cyc
      |000334|0434|  77
------+------+----+----------------------------------
   498|      |    |LD DE, 33 - 15
      |      |    |  Z80:11cyc R800:3cyc
      |000335|0435|  11 12 00
------+------+----+----------------------------------
   499|      |    |ADD HL, DE
      |      |    |  Z80:12cyc R800:1cyc
      |000338|0438|  19
------+------+----+----------------------------------
   500|      |    |LD [ HL ], A
      |      |    |  Z80:8cyc R800:4cyc
      |000339|0439|  77
------+------+----+----------------------------------
   501|      |    |INC HL
      |      |    |  Z80:7cyc R800:1cyc
      |00033A|043A|  23
------+------+----+----------------------------------
   502|      |    |LD [ HL ], A
      |      |    |  Z80:8cyc R800:4cyc
      |00033B|043B|  77
------+------+----+----------------------------------
   503|      |    |INC HL
      |      |    |  Z80:7cyc R800:1cyc
      |00033C|043C|  23
------+------+----+----------------------------------
   504|      |    |LD [ HL ], A
      |      |    |  Z80:8cyc R800:4cyc
      |00033D|043D|  77
------+------+----+----------------------------------
   505|      |    |INC HL
      |      |    |  Z80:7cyc R800:1cyc
      |00033E|043E|  23
------+------+----+----------------------------------
   506|      |    |LD [ HL ], A
      |      |    |  Z80:8cyc R800:4cyc
      |00033F|043F|  77
------+------+----+----------------------------------
   507|      |    |POP AF
      |      |    |  Z80:11cyc R800:5cyc
      |000340|0440|  F1
------+------+----+----------------------------------
   508|      |    |RET
      |      |    |  Z80:11cyc R800:5cyc
      |000341|0441|  C9
------+------+----+----------------------------------
   509|      |    |ENDSCOPE
      |      |    |  Exit scope: SUB_FCREATE:
------+------+----+----------------------------------
   522|      |    |SCOPE SUB_FCLOSE
      |      |    |  Enter scope: SUB_FCLOSE:
------+------+----+----------------------------------
   523|      |    |SUB_FCLOSE ::
      |      |    |  global label [SUB_FCLOSE] address: 0x000442
------+------+----+----------------------------------
   524|      |    |LD C, _FCLOSE
      |      |    |  Z80:8cyc R800:2cyc
      |000342|0442|  0E 10
------+------+----+----------------------------------
   525|      |    |EX DE, HL
      |      |    |  Z80:5cyc R800:1cyc
      |000344|0444|  EB
------+------+----+----------------------------------
   526|      |    |JP BDOS
      |      |    |  Z80:11cyc R800:5cyc
      |000345|0445|  C3 05 00
------+------+----+----------------------------------
   527|      |    |ENDSCOPE
      |      |    |  Exit scope: SUB_FCLOSE:
------+------+----+----------------------------------
   542|      |    |SCOPE SUB_FWRITE
      |      |    |  Enter scope: SUB_FWRITE:
------+------+----+----------------------------------
   543|      |    |SUB_FWRITE ::
      |      |    |  global label [SUB_FWRITE] address: 0x000448
------+------+----+----------------------------------
   544|      |    |PUSH BC
      |      |    |  Z80:12cyc R800:6cyc
      |000348|0448|  C5
------+------+----+----------------------------------
   545|      |    |PUSH HL
      |      |    |  Z80:12cyc R800:6cyc
      |000349|0449|  E5
------+------+----+----------------------------------
   547|      |    |LD C, _SETDTA
      |      |    |  Z80:8cyc R800:2cyc
      |00034A|044A|  0E 1A
------+------+----+----------------------------------
   548|      |    |CALL BDOS
      |      |    |  Z80:18cyc R800:5cyc
      |00034C|044C|  CD 05 00
------+------+----+----------------------------------
   550|      |    |POP DE
      |      |    |  Z80:11cyc R800:5cyc
      |00034F|044F|  D1
------+------+----+----------------------------------
   551|      |    |POP HL
      |      |    |  Z80:11cyc R800:5cyc
      |000350|0450|  E1
------+------+----+----------------------------------
   552|      |    |LD C, _WRBLK
      |      |    |  Z80:8cyc R800:2cyc
      |000351|0451|  0E 26
------+------+----+----------------------------------
   553|      |    |JP BDOS
      |      |    |  Z80:11cyc R800:5cyc
      |000353|0453|  C3 05 00
------+------+----+----------------------------------
   554|      |    |ENDSCOPE
      |      |    |  Exit scope: SUB_FWRITE:
------+------+----+----------------------------------
   556|      |    |BUFFER ::
      |      |    |  global label [BUFFER] address: 0x000456
------+------+----+----------------------------------
<< label >>
BDOS ........................................... 5 ( 0x5 )
BUFFER ......................................... 1110 ( 0x456 )
ERR_BAD_FILE_NAME .............................. 553 ( 0x229 )
MAIN ........................................... 256 ( 0x100 )
MAIN:FCB ....................................... 784 ( 0x310 )
MAIN:PUT_CRLF .................................. 562 ( 0x232 )
MAIN:PUT_ERROR ................................. 553 ( 0x229 )
MAIN:S_COMPLETED ............................... 699 ( 0x2bb )
MAIN:S_CRLF .................................... 611 ( 0x263 )
MAIN:S_FOPEN_ERROR ............................. 686 ( 0x2ae )
MAIN:S_IOTBASIC ................................ 650 ( 0x28a )
MAIN:S_IOTBASIC_ROM_FILE_NAME .................. 748 ( 0x2ec )
MAIN:S_KANJIBASIC .............................. 662 ( 0x296 )
MAIN:S_KANJIDRIVER_ROM_FILE_NAME ............... 760 ( 0x2f8 )
MAIN:S_KANJIFONT_ROM_FILE_NAME ................. 772 ( 0x304 )
MAIN:S_KANJIFOONT .............................. 674 ( 0x2a2 )
MAIN:S_MAIN_ROM ................................ 614 ( 0x266 )
MAIN:S_MAIN_ROM_FILE_NAME ...................... 710 ( 0x2c6 )
MAIN:S_SUB_ROM ................................. 626 ( 0x272 )
MAIN:S_SUB_ROM_FILE_NAME ....................... 723 ( 0x2d3 )
MAIN:S_TITLE ................................... 571 ( 0x23b )
MAIN:S_XBASIC .................................. 638 ( 0x27e )
MAIN:S_XBASIC_ROM_FILE_NAME .................... 735 ( 0x2df )
RDSLT .......................................... 12 ( 0xc )
ROM_DUMP ....................................... 821 ( 0x335 )
ROM_DUMP:LOOP .................................. 822 ( 0x336 )
ROM_DUMP:SKIP1 ................................. 856 ( 0x358 )
SUB_FCLOSE ..................................... 1090 ( 0x442 )
SUB_FCREATE .................................... 1054 ( 0x41e )
SUB_FWRITE ..................................... 1096 ( 0x448 )
SUB_SETUP_FCB .................................. 862 ( 0x35e )
SUB_SETUP_FCB:CHECK_ERROR_CHAR ................. 1009 ( 0x3f1 )
SUB_SETUP_FCB:CHECK_ERROR_CHAR_LOOP ............ 1015 ( 0x3f7 )
SUB_SETUP_FCB:CHECK_ERROR_EXIT ................. 1026 ( 0x402 )
SUB_SETUP_FCB:COPY_EXT_NAME .................... 968 ( 0x3c8 )
SUB_SETUP_FCB:COPY_EXT_NAME_LOOP ............... 974 ( 0x3ce )
SUB_SETUP_FCB:COPY_EXT_NAME_PADDING ............ 999 ( 0x3e7 )
SUB_SETUP_FCB:COPY_EXT_NAME_PADDING_LOOP ....... 1004 ( 0x3ec )
SUB_SETUP_FCB:COPY_EXT_NAME_PADDING_WILDCARD ... 995 ( 0x3e3 )
SUB_SETUP_FCB:COPY_EXT_NAME_SKIP_DOT ........... 960 ( 0x3c0 )
SUB_SETUP_FCB:COPY_EXT_NAME_SKIP_DOT_LOOP ...... 962 ( 0x3c2 )
SUB_SETUP_FCB:COPY_EXT_NAME_SKIP_WILDCARD ...... 953 ( 0x3b9 )
SUB_SETUP_FCB:COPY_FILE_NAME ................... 918 ( 0x396 )
SUB_SETUP_FCB:COPY_FILE_NAME_LOOP .............. 922 ( 0x39a )
SUB_SETUP_FCB:COPY_NAME_FINISH ................. 1008 ( 0x3f0 )
SUB_SETUP_FCB:ERROR_CHAR ....................... 1042 ( 0x412 )
SUB_SETUP_FCB:FILL_EXT_PADDING ................. 1002 ( 0x3ea )
SUB_SETUP_FCB:FILL_NAME_PADDING ................ 958 ( 0x3be )
SUB_SETUP_FCB:TOUPPER .......................... 1030 ( 0x406 )
SUB_SETUP_FCB:TOUPPER_EXIT ..................... 1040 ( 0x410 )
_ALLOC ......................................... 27 ( 0x1b )
_AUXIN ......................................... 3 ( 0x3 )
_AUXOUT ........................................ 4 ( 0x4 )
_BUFIN ......................................... 10 ( 0xa )
_CONIN ......................................... 1 ( 0x1 )
_CONOUT ........................................ 2 ( 0x2 )
_CONST ......................................... 11 ( 0xb )
_CPMVER ........................................ 12 ( 0xc )
_CURDRV ........................................ 25 ( 0x19 )
_DIRIN ......................................... 7 ( 0x7 )
_DIRIO ......................................... 6 ( 0x6 )
_DPARM ......................................... 49 ( 0x31 )
_DSKRST ........................................ 13 ( 0xd )
_FCLOSE ........................................ 16 ( 0x10 )
_FDEL .......................................... 19 ( 0x13 )
_FFIRST ........................................ 64 ( 0x40 )
_FMAKE ......................................... 22 ( 0x16 )
_FNEW .......................................... 66 ( 0x42 )
_FNEXT ......................................... 65 ( 0x41 )
_FOPEN ......................................... 15 ( 0xf )
_FREN .......................................... 23 ( 0x17 )
_FSIZE ......................................... 35 ( 0x23 )
_GDATE ......................................... 42 ( 0x2a )
_GTIME ......................................... 44 ( 0x2c )
_INNOE ......................................... 8 ( 0x8 )
_LOGIN ......................................... 24 ( 0x18 )
_LSTOUT ........................................ 5 ( 0x5 )
_RDABS ......................................... 47 ( 0x2f )
_RDBLK ......................................... 39 ( 0x27 )
_RDRND ......................................... 33 ( 0x21 )
_RDSEQ ......................................... 20 ( 0x14 )
_SDATE ......................................... 43 ( 0x2b )
_SELDSK ........................................ 14 ( 0xe )
_SETDTA ........................................ 26 ( 0x1a )
_SETRND ........................................ 36 ( 0x24 )
_SFIRST ........................................ 17 ( 0x11 )
_SNEXT ......................................... 18 ( 0x12 )
_STIME ......................................... 45 ( 0x2d )
_STROUT ........................................ 9 ( 0x9 )
_TERM0 ......................................... 0 ( 0x0 )
_VERIFY ........................................ 46 ( 0x2e )
_WRABS ......................................... 48 ( 0x30 )
_WRBLK ......................................... 38 ( 0x26 )
_WRRND ......................................... 34 ( 0x22 )
_WRSEQ ......................................... 21 ( 0x15 )
_WRSER ......................................... 40 ( 0x28 )
