Z80 Macro Assembler ZMA v1.0.17
=====================================================
Programmed by t.hara

  DEFS is DEFINE STRING (default).
  OUTPUT TYPE: BINARY

<< code >>
LINE# |OFFSET|ADDR|MNEMONIC
======+======+====+==================================
     1|      |    |ORG 0xD130
------+------+----+----------------------------------
     3|      |    |DOSDUMP :
      |      |    |  label [DOSDUMP] address: 0x00d130
------+------+----+----------------------------------
     4|      |    |CP A, 0x02
      |      |    |  Z80:8cyc R800:2cyc
      |000000|D130|  FE 02
------+------+----+----------------------------------
     5|      |    |RET NZ
      |      |    |  Z80:12cyc/6cyc R800:5cyc/1cyc
      |000002|D132|  C0
------+------+----+----------------------------------
     6|      |    |INC HL
      |      |    |  Z80:7cyc R800:1cyc
      |000003|D133|  23
------+------+----+----------------------------------
     7|      |    |INC HL
      |      |    |  Z80:7cyc R800:1cyc
      |000004|D134|  23
------+------+----+----------------------------------
     8|      |    |DI
      |      |    |  Z80:5cyc R800:2cyc
      |000005|D135|  F3
------+------+----+----------------------------------
     9|      |    |LD A, [ HL ]
      |      |    |  Z80:8cyc R800:4cyc
      |000006|D136|  7E
------+------+----+----------------------------------
    10|      |    |LD H, 0x40
      |      |    |  Z80:8cyc R800:2cyc
      |000007|D137|  26 40
------+------+----+----------------------------------
    11|      |    |CALL 0x0024
      |      |    |  Z80:18cyc R800:5cyc
      |000009|D139|  CD 24 00
------+------+----+----------------------------------
    13|      |    |LD HL, 0x6000
      |      |    |  Z80:11cyc R800:3cyc
      |00000C|D13C|  21 00 60
------+------+----+----------------------------------
    14|      |    |BANK_NUMBER := $ + 1
      |      |    |  Global integer symbol [BANK_NUMBER] = 53568 (0xd140)
------+------+----+----------------------------------
    15|      |    |LD A, 0
      |      |    |  Z80:8cyc R800:2cyc
      |00000F|D13F|  3E 00
------+------+----+----------------------------------
    16|      |    |LD [ HL ], A
      |      |    |  Z80:8cyc R800:4cyc
      |000011|D141|  77
------+------+----+----------------------------------
    18|      |    |LD DE, 0x9000
      |      |    |  Z80:11cyc R800:3cyc
      |000012|D142|  11 00 90
------+------+----+----------------------------------
    19|      |    |LD HL, 0x4000
      |      |    |  Z80:11cyc R800:3cyc
      |000015|D145|  21 00 40
------+------+----+----------------------------------
    20|      |    |LD BC, 0x4000
      |      |    |  Z80:11cyc R800:3cyc
      |000018|D148|  01 00 40
------+------+----+----------------------------------
    21|      |    |LDIR
      |      |    |  Z80:23cyc/18cyc R800:7cyc
      |00001B|D14B|  ED B0
------+------+----+----------------------------------
    23|      |    |LD HL, 0x6000
      |      |    |  Z80:11cyc R800:3cyc
      |00001D|D14D|  21 00 60
------+------+----+----------------------------------
    24|      |    |XOR A, A
      |      |    |  Z80:5cyc R800:1cyc
      |000020|D150|  AF
------+------+----+----------------------------------
    25|      |    |LD [ HL ], A
      |      |    |  Z80:8cyc R800:4cyc
      |000021|D151|  77
------+------+----+----------------------------------
    27|      |    |LD A, [ 0xFCC1 ]
      |      |    |  Z80:14cyc R800:6cyc
      |000022|D152|  3A C1 FC
------+------+----+----------------------------------
    28|      |    |LD H, 0x40
      |      |    |  Z80:8cyc R800:2cyc
      |000025|D155|  26 40
------+------+----+----------------------------------
    29|      |    |CALL 0x0024
      |      |    |  Z80:18cyc R800:5cyc
      |000027|D157|  CD 24 00
------+------+----+----------------------------------
    30|      |    |EI
      |      |    |  Z80:5cyc R800:1cyc
      |00002A|D15A|  FB
------+------+----+----------------------------------
    31|      |    |XOR A, A
      |      |    |  Z80:5cyc R800:1cyc
      |00002B|D15B|  AF
------+------+----+----------------------------------
    32|      |    |RET
      |      |    |  Z80:11cyc R800:5cyc
      |00002C|D15C|  C9
------+------+----+----------------------------------
<< label >>
BANK_NUMBER ... 53568 ( 0xd140 )
DOSDUMP ....... 53552 ( 0xd130 )
